<?xml version="1.0" encoding="UTF-8"?>
<coverage generated="1548286657425" clover="3.2.0">
  <project timestamp="1548286657426" name="All files">
    <metrics statements="60" coveredstatements="45" conditionals="47" coveredconditionals="36" methods="22" coveredmethods="18" elements="129" coveredelements="99" complexity="0" loc="60" ncloc="60" packages="3" files="6" classes="6">
      <package name="components">
        <metrics statements="54" coveredstatements="42" conditionals="45" coveredconditionals="36" methods="21" coveredmethods="18"/>
        <file name="AddBook.vue" path="/home/knap/Documents/uj/3.1/testowanie/projekt/book-trading--client/src/components/AddBook.vue">
          <metrics statements="21" coveredstatements="10" conditionals="13" coveredconditionals="4" methods="4" coveredmethods="2"/>
          <line num="54" count="1" type="stmt"/>
          <line num="56" count="1" type="stmt"/>
          <line num="57" count="1" type="stmt"/>
          <line num="61" count="2" type="stmt"/>
          <line num="74" count="0" type="cond" truecount="0" falsecount="8"/>
          <line num="77" count="0" type="stmt"/>
          <line num="78" count="0" type="stmt"/>
          <line num="79" count="0" type="stmt"/>
          <line num="82" count="0" type="stmt"/>
          <line num="89" count="0" type="stmt"/>
          <line num="90" count="0" type="stmt"/>
          <line num="92" count="22" type="cond" truecount="4" falsecount="1"/>
          <line num="94" count="2" type="stmt"/>
          <line num="95" count="2" type="stmt"/>
          <line num="98" count="0" type="stmt"/>
          <line num="100" count="0" type="stmt"/>
          <line num="101" count="0" type="stmt"/>
          <line num="103" count="0" type="stmt"/>
          <line num="108" count="2" type="stmt"/>
          <line num="109" count="2" type="stmt"/>
          <line num="110" count="2" type="stmt"/>
        </file>
        <file name="Login.vue" path="/home/knap/Documents/uj/3.1/testowanie/projekt/book-trading--client/src/components/Login.vue">
          <metrics statements="11" coveredstatements="11" conditionals="13" coveredconditionals="13" methods="6" coveredmethods="6"/>
          <line num="66" count="2" type="stmt"/>
          <line num="70" count="5" type="cond" truecount="2" falsecount="0"/>
          <line num="71" count="5" type="cond" truecount="2" falsecount="0"/>
          <line num="75" count="5" type="cond" truecount="2" falsecount="0"/>
          <line num="76" count="5" type="cond" truecount="2" falsecount="0"/>
          <line num="82" count="25" type="cond" truecount="5" falsecount="0"/>
          <line num="84" count="2" type="stmt"/>
          <line num="91" count="1" type="stmt"/>
          <line num="92" count="1" type="stmt"/>
          <line num="94" count="1" type="stmt"/>
          <line num="95" count="1" type="stmt"/>
        </file>
        <file name="Navigation.vue" path="/home/knap/Documents/uj/3.1/testowanie/projekt/book-trading--client/src/components/Navigation.vue">
          <metrics statements="9" coveredstatements="8" conditionals="4" coveredconditionals="4" methods="4" coveredmethods="3"/>
          <line num="46" count="0" type="stmt"/>
          <line num="49" count="6" type="stmt"/>
          <line num="50" count="6" type="cond" truecount="2" falsecount="0"/>
          <line num="51" count="4" type="stmt"/>
          <line num="57" count="6" type="stmt"/>
          <line num="60" count="6" type="cond" truecount="2" falsecount="0"/>
          <line num="61" count="2" type="stmt"/>
          <line num="70" count="2" type="stmt"/>
          <line num="71" count="2" type="stmt"/>
        </file>
        <file name="Signup.vue" path="/home/knap/Documents/uj/3.1/testowanie/projekt/book-trading--client/src/components/Signup.vue">
          <metrics statements="13" coveredstatements="13" conditionals="15" coveredconditionals="15" methods="7" coveredmethods="7"/>
          <line num="64" count="4" type="stmt"/>
          <line num="68" count="9" type="cond" truecount="2" falsecount="0"/>
          <line num="69" count="9" type="cond" truecount="2" falsecount="0"/>
          <line num="73" count="9" type="cond" truecount="2" falsecount="0"/>
          <line num="74" count="9" type="cond" truecount="2" falsecount="0"/>
          <line num="80" count="25" type="cond" truecount="5" falsecount="0"/>
          <line num="82" count="2" type="stmt"/>
          <line num="89" count="1" type="stmt"/>
          <line num="90" count="1" type="stmt"/>
          <line num="92" count="1" type="stmt"/>
          <line num="94" count="1" type="stmt"/>
          <line num="96" count="1" type="stmt"/>
          <line num="102" count="3" type="cond" truecount="2" falsecount="0"/>
        </file>
      </package>
      <package name="mixins">
        <metrics statements="2" coveredstatements="1" conditionals="2" coveredconditionals="0" methods="0" coveredmethods="0"/>
        <file name="authStateWatcher.js" path="/home/knap/Documents/uj/3.1/testowanie/projekt/book-trading--client/src/mixins/authStateWatcher.js">
          <metrics statements="2" coveredstatements="1" conditionals="2" coveredconditionals="0" methods="0" coveredmethods="0"/>
          <line num="4" count="2" type="stmt"/>
          <line num="9" count="0" type="cond" truecount="0" falsecount="2"/>
        </file>
      </package>
      <package name="services">
        <metrics statements="4" coveredstatements="2" conditionals="0" coveredconditionals="0" methods="1" coveredmethods="0"/>
        <file name="bookApi.js" path="/home/knap/Documents/uj/3.1/testowanie/projekt/book-trading--client/src/services/bookApi.js">
          <metrics statements="4" coveredstatements="2" conditionals="0" coveredconditionals="0" methods="1" coveredmethods="0"/>
          <line num="3" count="1" type="stmt"/>
          <line num="5" count="1" type="stmt"/>
          <line num="6" count="0" type="stmt"/>
          <line num="7" count="0" type="stmt"/>
        </file>
      </package>
    </metrics>
  </project>
</coverage>
