<?xml version="1.0" encoding="UTF-8"?>
<coverage generated="1548250427751" clover="3.2.0">
  <project timestamp="1548250427752" name="All files">
    <metrics statements="82" coveredstatements="29" conditionals="34" coveredconditionals="19" methods="53" coveredmethods="14" elements="169" coveredelements="62" complexity="0" loc="82" ncloc="82" packages="5" files="9" classes="9">
      <package name="axios">
        <metrics statements="1" coveredstatements="1" conditionals="0" coveredconditionals="0" methods="0" coveredmethods="0"/>
        <file name="index.js" path="/home/knap/Documents/uj/3.1/testowanie/projekt/book-trading--client/src/axios/index.js">
          <metrics statements="1" coveredstatements="1" conditionals="0" coveredconditionals="0" methods="0" coveredmethods="0"/>
          <line num="5" count="1" type="stmt"/>
        </file>
      </package>
      <package name="components">
        <metrics statements="32" coveredstatements="24" conditionals="27" coveredconditionals="19" methods="16" coveredmethods="12"/>
        <file name="MyBooks.vue" path="/home/knap/Documents/uj/3.1/testowanie/projekt/book-trading--client/src/components/MyBooks.vue">
          <metrics statements="10" coveredstatements="3" conditionals="8" coveredconditionals="0" methods="5" coveredmethods="2"/>
          <line num="37" count="1" type="stmt"/>
          <line num="41" count="1" type="stmt"/>
          <line num="52" count="1" type="stmt"/>
          <line num="55" count="0" type="stmt"/>
          <line num="60" count="0" type="stmt"/>
          <line num="61" count="0" type="stmt"/>
          <line num="62" count="0" type="stmt"/>
          <line num="64" count="0" type="cond" truecount="0" falsecount="8"/>
          <line num="70" count="0" type="stmt"/>
          <line num="72" count="0" type="stmt"/>
        </file>
        <file name="Navigation.vue" path="/home/knap/Documents/uj/3.1/testowanie/projekt/book-trading--client/src/components/Navigation.vue">
          <metrics statements="9" coveredstatements="8" conditionals="4" coveredconditionals="4" methods="4" coveredmethods="3"/>
          <line num="46" count="0" type="stmt"/>
          <line num="49" count="6" type="stmt"/>
          <line num="50" count="6" type="cond" truecount="2" falsecount="0"/>
          <line num="51" count="4" type="stmt"/>
          <line num="57" count="6" type="stmt"/>
          <line num="60" count="6" type="cond" truecount="2" falsecount="0"/>
          <line num="61" count="2" type="stmt"/>
          <line num="70" count="2" type="stmt"/>
          <line num="71" count="2" type="stmt"/>
        </file>
        <file name="Signup.vue" path="/home/knap/Documents/uj/3.1/testowanie/projekt/book-trading--client/src/components/Signup.vue">
          <metrics statements="13" coveredstatements="13" conditionals="15" coveredconditionals="15" methods="7" coveredmethods="7"/>
          <line num="64" count="4" type="stmt"/>
          <line num="68" count="9" type="cond" truecount="2" falsecount="0"/>
          <line num="69" count="9" type="cond" truecount="2" falsecount="0"/>
          <line num="73" count="9" type="cond" truecount="2" falsecount="0"/>
          <line num="74" count="9" type="cond" truecount="2" falsecount="0"/>
          <line num="80" count="25" type="cond" truecount="5" falsecount="0"/>
          <line num="82" count="2" type="stmt"/>
          <line num="89" count="1" type="stmt"/>
          <line num="90" count="1" type="stmt"/>
          <line num="92" count="1" type="stmt"/>
          <line num="94" count="1" type="stmt"/>
          <line num="96" count="1" type="stmt"/>
          <line num="102" count="3" type="cond" truecount="2" falsecount="0"/>
        </file>
      </package>
      <package name="mixins">
        <metrics statements="2" coveredstatements="1" conditionals="2" coveredconditionals="0" methods="0" coveredmethods="0"/>
        <file name="authStateWatcher.js" path="/home/knap/Documents/uj/3.1/testowanie/projekt/book-trading--client/src/mixins/authStateWatcher.js">
          <metrics statements="2" coveredstatements="1" conditionals="2" coveredconditionals="0" methods="0" coveredmethods="0"/>
          <line num="4" count="1" type="stmt"/>
          <line num="9" count="0" type="cond" truecount="0" falsecount="2"/>
        </file>
      </package>
      <package name="store">
        <metrics statements="4" coveredstatements="1" conditionals="3" coveredconditionals="0" methods="3" coveredmethods="0"/>
        <file name="index.js" path="/home/knap/Documents/uj/3.1/testowanie/projekt/book-trading--client/src/store/index.js">
          <metrics statements="4" coveredstatements="1" conditionals="3" coveredconditionals="0" methods="3" coveredmethods="0"/>
          <line num="8" count="1" type="stmt"/>
          <line num="21" count="0" type="stmt"/>
          <line num="24" count="0" type="stmt"/>
          <line num="28" count="0" type="stmt"/>
        </file>
      </package>
      <package name="store.modules">
        <metrics statements="43" coveredstatements="2" conditionals="2" coveredconditionals="0" methods="34" coveredmethods="2"/>
        <file name="books.js" path="/home/knap/Documents/uj/3.1/testowanie/projekt/book-trading--client/src/store/modules/books.js">
          <metrics statements="16" coveredstatements="1" conditionals="2" coveredconditionals="0" methods="15" coveredmethods="1"/>
          <line num="9" count="0" type="stmt"/>
          <line num="12" count="0" type="stmt"/>
          <line num="15" count="0" type="stmt"/>
          <line num="20" count="0" type="stmt"/>
          <line num="21" count="0" type="stmt"/>
          <line num="22" count="0" type="stmt"/>
          <line num="25" count="0" type="stmt"/>
          <line num="33" count="0" type="stmt"/>
          <line num="43" count="0" type="stmt"/>
          <line num="46" count="0" type="stmt"/>
          <line num="47" count="0" type="stmt"/>
          <line num="53" count="0" type="stmt"/>
          <line num="57" count="0" type="stmt"/>
          <line num="58" count="1" type="stmt"/>
          <line num="59" count="0" type="stmt"/>
          <line num="60" count="0" type="stmt"/>
        </file>
        <file name="requests.js" path="/home/knap/Documents/uj/3.1/testowanie/projekt/book-trading--client/src/store/modules/requests.js">
          <metrics statements="14" coveredstatements="0" conditionals="0" coveredconditionals="0" methods="11" coveredmethods="0"/>
          <line num="9" count="0" type="stmt"/>
          <line num="12" count="0" type="stmt"/>
          <line num="17" count="0" type="stmt"/>
          <line num="33" count="0" type="stmt"/>
          <line num="39" count="0" type="stmt"/>
          <line num="44" count="0" type="stmt"/>
          <line num="47" count="0" type="stmt"/>
          <line num="53" count="0" type="stmt"/>
          <line num="54" count="0" type="stmt"/>
          <line num="55" count="0" type="stmt"/>
          <line num="58" count="0" type="stmt"/>
          <line num="64" count="0" type="stmt"/>
          <line num="69" count="0" type="stmt"/>
          <line num="72" count="0" type="stmt"/>
        </file>
        <file name="user.js" path="/home/knap/Documents/uj/3.1/testowanie/projekt/book-trading--client/src/store/modules/user.js">
          <metrics statements="13" coveredstatements="1" conditionals="0" coveredconditionals="0" methods="8" coveredmethods="1"/>
          <line num="11" count="0" type="stmt"/>
          <line num="12" count="0" type="stmt"/>
          <line num="15" count="0" type="stmt"/>
          <line num="20" count="0" type="stmt"/>
          <line num="22" count="0" type="stmt"/>
          <line num="23" count="0" type="stmt"/>
          <line num="26" count="0" type="stmt"/>
          <line num="27" count="0" type="stmt"/>
          <line num="28" count="0" type="stmt"/>
          <line num="32" count="0" type="stmt"/>
          <line num="33" count="0" type="stmt"/>
          <line num="34" count="1" type="stmt"/>
          <line num="35" count="0" type="stmt"/>
        </file>
      </package>
    </metrics>
  </project>
</coverage>
