{"/home/knap/Documents/uj/3.1/testowanie/projekt/book-trading--client/src/axios/index.js": {"path":"/home/knap/Documents/uj/3.1/testowanie/projekt/book-trading--client/src/axios/index.js","statementMap":{"0":{"start":{"line":5,"column":0},"end":{"line":5,"column":33}}},"fnMap":{},"branchMap":{},"s":{"0":1},"f":{},"b":{},"_coverageSchema":"332fd63041d2c1bcb487cc26dd0d5f7d97098a6c","hash":"523baccf093c8bb6b7df64aeedfc641f652022e2"}
,"/home/knap/Documents/uj/3.1/testowanie/projekt/book-trading--client/src/components/MyBooks.vue": {"path":"/home/knap/Documents/uj/3.1/testowanie/projekt/book-trading--client/src/components/MyBooks.vue","statementMap":{"0":{"start":{"line":37,"column":0},"end":{"line":null,"column":-1}},"1":{"start":{"line":41,"column":0},"end":{"line":null,"column":-1}},"2":{"start":{"line":52,"column":0},"end":{"line":null,"column":-1}},"3":{"start":{"line":55,"column":0},"end":{"line":null,"column":-1}},"4":{"start":{"line":60,"column":0},"end":{"line":null,"column":-1}},"5":{"start":{"line":61,"column":0},"end":{"line":null,"column":-1}},"6":{"start":{"line":62,"column":0},"end":{"line":null,"column":-1}},"7":{"start":{"line":64,"column":0},"end":{"line":null,"column":-1}},"8":{"start":{"line":70,"column":0},"end":{"line":null,"column":-1}},"9":{"start":{"line":72,"column":0},"end":{"line":null,"column":-1}}},"fnMap":{"0":{"name":"data","decl":{"start":{"line":40,"column":0},"end":{"line":null,"column":-1}},"loc":{"start":{"line":40,"column":0},"end":{"line":49,"column":0}}},"1":{"name":"books","decl":{"start":{"line":51,"column":0},"end":{"line":null,"column":-1}},"loc":{"start":{"line":51,"column":0},"end":{"line":53,"column":0}}},"2":{"name":"removeEnabled","decl":{"start":{"line":54,"column":0},"end":{"line":null,"column":-1}},"loc":{"start":{"line":54,"column":0},"end":{"line":56,"column":0}}},"3":{"name":"enableRemove","decl":{"start":{"line":59,"column":0},"end":{"line":null,"column":-1}},"loc":{"start":{"line":59,"column":0},"end":{"line":63,"column":0}}},"4":{"name":"removeBook","decl":{"start":{"line":64,"column":0},"end":{"line":null,"column":-1}},"loc":{"start":{"line":64,"column":0},"end":{"line":77,"column":0}}}},"branchMap":{"0":{"loc":{"start":{"line":64,"column":0},"end":{"line":null,"column":-1}},"type":"switch","locations":[{"start":{"line":64,"column":0},"end":{"line":null,"column":-1}},{"start":{"line":64,"column":0},"end":{"line":null,"column":-1}},{"start":{"line":64,"column":0},"end":{"line":null,"column":-1}},{"start":{"line":64,"column":0},"end":{"line":72,"column":0}},{"start":{"line":64,"column":0},"end":{"line":null,"column":-1}},{"start":{"line":64,"column":0},"end":{"line":null,"column":-1}}]},"1":{"loc":{"start":{"line":64,"column":0},"end":{"line":null,"column":-1}},"type":"if","locations":[{"start":{"line":64,"column":0},"end":{"line":null,"column":-1}},{"start":{"line":64,"column":0},"end":{"line":null,"column":-1}}]}},"s":{"0":1,"1":1,"2":1,"3":0,"4":0,"5":0,"6":0,"7":0,"8":0,"9":0},"f":{"0":1,"1":1,"2":0,"3":0,"4":0},"b":{"0":[0,0,0,0,0,0],"1":[0,0]}}
,"/home/knap/Documents/uj/3.1/testowanie/projekt/book-trading--client/src/components/Navigation.vue": {"path":"/home/knap/Documents/uj/3.1/testowanie/projekt/book-trading--client/src/components/Navigation.vue","statementMap":{"0":{"start":{"line":46,"column":0},"end":{"line":null,"column":-1}},"1":{"start":{"line":49,"column":0},"end":{"line":null,"column":-1}},"2":{"start":{"line":50,"column":0},"end":{"line":56,"column":0}},"3":{"start":{"line":51,"column":0},"end":{"line":null,"column":-1}},"4":{"start":{"line":57,"column":0},"end":{"line":null,"column":-1}},"5":{"start":{"line":60,"column":0},"end":{"line":65,"column":0}},"6":{"start":{"line":61,"column":0},"end":{"line":null,"column":-1}},"7":{"start":{"line":70,"column":0},"end":{"line":null,"column":-1}},"8":{"start":{"line":71,"column":0},"end":{"line":null,"column":-1}}},"fnMap":{"0":{"name":"authenticated","decl":{"start":{"line":45,"column":0},"end":{"line":null,"column":-1}},"loc":{"start":{"line":45,"column":0},"end":{"line":47,"column":0}}},"1":{"name":"bookItems","decl":{"start":{"line":48,"column":0},"end":{"line":null,"column":-1}},"loc":{"start":{"line":48,"column":0},"end":{"line":58,"column":0}}},"2":{"name":"userItems","decl":{"start":{"line":59,"column":0},"end":{"line":null,"column":-1}},"loc":{"start":{"line":59,"column":0},"end":{"line":66,"column":0}}},"3":{"name":"logOut","decl":{"start":{"line":69,"column":0},"end":{"line":null,"column":-1}},"loc":{"start":{"line":69,"column":0},"end":{"line":72,"column":0}}}},"branchMap":{"0":{"loc":{"start":{"line":50,"column":0},"end":{"line":56,"column":0}},"type":"if","locations":[{"start":{"line":50,"column":0},"end":{"line":56,"column":0}},{"start":{"line":50,"column":0},"end":{"line":56,"column":0}}]},"1":{"loc":{"start":{"line":60,"column":0},"end":{"line":65,"column":0}},"type":"if","locations":[{"start":{"line":60,"column":0},"end":{"line":65,"column":0}},{"start":{"line":60,"column":0},"end":{"line":65,"column":0}}]}},"s":{"0":0,"1":6,"2":6,"3":4,"4":6,"5":6,"6":2,"7":2,"8":2},"f":{"0":0,"1":6,"2":6,"3":2},"b":{"0":[4,2],"1":[2,4]}}
,"/home/knap/Documents/uj/3.1/testowanie/projekt/book-trading--client/src/components/Signup.vue": {"path":"/home/knap/Documents/uj/3.1/testowanie/projekt/book-trading--client/src/components/Signup.vue","statementMap":{"0":{"start":{"line":64,"column":0},"end":{"line":null,"column":-1}},"1":{"start":{"line":68,"column":0},"end":{"line":null,"column":-1}},"2":{"start":{"line":69,"column":0},"end":{"line":null,"column":-1}},"3":{"start":{"line":73,"column":0},"end":{"line":null,"column":-1}},"4":{"start":{"line":74,"column":0},"end":{"line":null,"column":-1}},"5":{"start":{"line":80,"column":0},"end":{"line":null,"column":-1}},"6":{"start":{"line":82,"column":0},"end":{"line":null,"column":-1}},"7":{"start":{"line":80,"column":0},"end":{"line":84,"column":0}},"8":{"start":{"line":89,"column":0},"end":{"line":null,"column":-1}},"9":{"start":{"line":90,"column":0},"end":{"line":null,"column":-1}},"10":{"start":{"line":92,"column":0},"end":{"line":null,"column":-1}},"11":{"start":{"line":94,"column":0},"end":{"line":null,"column":-1}},"12":{"start":{"line":96,"column":0},"end":{"line":null,"column":-1}},"13":{"start":{"line":102,"column":0},"end":{"line":null,"column":-1}}},"fnMap":{"0":{"name":"data","decl":{"start":{"line":63,"column":0},"end":{"line":null,"column":-1}},"loc":{"start":{"line":63,"column":0},"end":{"line":78,"column":0}}},"1":{"name":"(anonymous_3)","decl":{"start":{"line":67,"column":0},"end":{"line":null,"column":-1}},"loc":{"start":{"line":67,"column":0},"end":{"line":68,"column":0}}},"2":{"name":"(anonymous_4)","decl":{"start":{"line":68,"column":0},"end":{"line":null,"column":-1}},"loc":{"start":{"line":68,"column":0},"end":{"line":69,"column":0}}},"3":{"name":"(anonymous_5)","decl":{"start":{"line":72,"column":0},"end":{"line":null,"column":-1}},"loc":{"start":{"line":72,"column":0},"end":{"line":73,"column":0}}},"4":{"name":"(anonymous_6)","decl":{"start":{"line":73,"column":0},"end":{"line":null,"column":-1}},"loc":{"start":{"line":73,"column":0},"end":{"line":74,"column":0}}},"5":{"name":"signUp","decl":{"start":{"line":80,"column":0},"end":{"line":null,"column":-1}},"loc":{"start":{"line":80,"column":0},"end":{"line":101,"column":0}}},"6":{"name":"pickErrorMessage","decl":{"start":{"line":102,"column":0},"end":{"line":null,"column":-1}},"loc":{"start":{"line":102,"column":0},"end":{"line":null,"column":-1}}}},"branchMap":{"0":{"loc":{"start":{"line":68,"column":0},"end":{"line":null,"column":-1}},"type":"binary-expr","locations":[{"start":{"line":68,"column":0},"end":{"line":null,"column":-1}},{"start":{"line":68,"column":0},"end":{"line":null,"column":-1}}]},"1":{"loc":{"start":{"line":69,"column":0},"end":{"line":null,"column":-1}},"type":"binary-expr","locations":[{"start":{"line":69,"column":0},"end":{"line":null,"column":-1}},{"start":{"line":69,"column":0},"end":{"line":null,"column":-1}}]},"2":{"loc":{"start":{"line":73,"column":0},"end":{"line":null,"column":-1}},"type":"binary-expr","locations":[{"start":{"line":73,"column":0},"end":{"line":null,"column":-1}},{"start":{"line":73,"column":0},"end":{"line":null,"column":-1}}]},"3":{"loc":{"start":{"line":74,"column":0},"end":{"line":null,"column":-1}},"type":"binary-expr","locations":[{"start":{"line":74,"column":0},"end":{"line":null,"column":-1}},{"start":{"line":74,"column":0},"end":{"line":null,"column":-1}}]},"4":{"loc":{"start":{"line":80,"column":0},"end":{"line":84,"column":0}},"type":"switch","locations":[{"start":{"line":80,"column":0},"end":{"line":84,"column":0}},{"start":{"line":80,"column":0},"end":{"line":null,"column":-1}},{"start":{"line":80,"column":0},"end":{"line":96,"column":0}},{"start":{"line":80,"column":0},"end":{"line":null,"column":-1}},{"start":{"line":80,"column":0},"end":{"line":null,"column":-1}}]},"5":{"loc":{"start":{"line":102,"column":0},"end":{"line":null,"column":-1}},"type":"cond-expr","locations":[{"start":{"line":102,"column":0},"end":{"line":null,"column":-1}},{"start":{"line":102,"column":0},"end":{"line":null,"column":-1}}]}},"s":{"0":4,"1":9,"2":9,"3":9,"4":9,"5":25,"6":2,"7":2,"8":1,"9":1,"10":1,"11":1,"12":1,"13":3},"f":{"0":4,"1":9,"2":9,"3":9,"4":9,"5":8,"6":3},"b":{"0":[9,8],"1":[9,8],"2":[9,8],"3":[9,8],"4":[2,1,1,2,2],"5":[4,4]}}
,"/home/knap/Documents/uj/3.1/testowanie/projekt/book-trading--client/src/mixins/authStateWatcher.js": {"path":"/home/knap/Documents/uj/3.1/testowanie/projekt/book-trading--client/src/mixins/authStateWatcher.js","statementMap":{"0":{"start":{"line":4,"column":6},"end":{"line":4,"column":46}},"1":{"start":{"line":9,"column":6},"end":{"line":9,"column":38}},"2":{"start":{"line":9,"column":16},"end":{"line":9,"column":38}}},"fnMap":{},"branchMap":{"0":{"loc":{"start":{"line":9,"column":6},"end":{"line":9,"column":38}},"type":"if","locations":[{"start":{"line":9,"column":6},"end":{"line":9,"column":38}},{"start":{"line":9,"column":6},"end":{"line":9,"column":38}}],"line":9}},"s":{"0":1,"1":0,"2":0},"f":{},"b":{"0":[0,0]},"_coverageSchema":"332fd63041d2c1bcb487cc26dd0d5f7d97098a6c","hash":"a8a5a1f811e576f43e2b41687dd180f90f149828"}
,"/home/knap/Documents/uj/3.1/testowanie/projekt/book-trading--client/src/store/index.js": {"path":"/home/knap/Documents/uj/3.1/testowanie/projekt/book-trading--client/src/store/index.js","statementMap":{"0":{"start":{"line":8,"column":0},"end":{"line":8,"column":13}},"1":{"start":{"line":21,"column":6},"end":{"line":21,"column":68}},"2":{"start":{"line":24,"column":6},"end":{"line":24,"column":35}},"3":{"start":{"line":28,"column":23},"end":{"line":28,"column":37}}},"fnMap":{"0":{"name":"(anonymous_0)","decl":{"start":{"line":20,"column":22},"end":{"line":20,"column":23}},"loc":{"start":{"line":20,"column":104},"end":{"line":22,"column":5}},"line":20},"1":{"name":"(anonymous_1)","decl":{"start":{"line":23,"column":24},"end":{"line":23,"column":25}},"loc":{"start":{"line":23,"column":33},"end":{"line":25,"column":5}},"line":23},"2":{"name":"(anonymous_2)","decl":{"start":{"line":28,"column":14},"end":{"line":28,"column":15}},"loc":{"start":{"line":28,"column":23},"end":{"line":28,"column":37}},"line":28}},"branchMap":{"0":{"loc":{"start":{"line":20,"column":50},"end":{"line":20,"column":64}},"type":"default-arg","locations":[{"start":{"line":20,"column":60},"end":{"line":20,"column":64}}],"line":20},"1":{"loc":{"start":{"line":20,"column":66},"end":{"line":20,"column":82}},"type":"default-arg","locations":[{"start":{"line":20,"column":75},"end":{"line":20,"column":82}}],"line":20},"2":{"loc":{"start":{"line":20,"column":84},"end":{"line":20,"column":97}},"type":"default-arg","locations":[{"start":{"line":20,"column":93},"end":{"line":20,"column":97}}],"line":20}},"s":{"0":1,"1":0,"2":0,"3":0},"f":{"0":0,"1":0,"2":0},"b":{"0":[0],"1":[0],"2":[0]},"_coverageSchema":"332fd63041d2c1bcb487cc26dd0d5f7d97098a6c","hash":"4ab562c78b4c751d2b75a553aa1f1e132feb3e2d"}
,"/home/knap/Documents/uj/3.1/testowanie/projekt/book-trading--client/src/store/modules/books.js": {"path":"/home/knap/Documents/uj/3.1/testowanie/projekt/book-trading--client/src/store/modules/books.js","statementMap":{"0":{"start":{"line":9,"column":6},"end":{"line":9,"column":34}},"1":{"start":{"line":12,"column":6},"end":{"line":12,"column":27}},"2":{"start":{"line":15,"column":6},"end":{"line":15,"column":64}},"3":{"start":{"line":15,"column":47},"end":{"line":15,"column":63}},"4":{"start":{"line":20,"column":6},"end":{"line":30,"column":7}},"5":{"start":{"line":21,"column":36},"end":{"line":21,"column":66}},"6":{"start":{"line":22,"column":8},"end":{"line":22,"column":33}},"7":{"start":{"line":25,"column":8},"end":{"line":29,"column":10}},"8":{"start":{"line":33,"column":29},"end":{"line":42,"column":8}},"9":{"start":{"line":43,"column":6},"end":{"line":43,"column":29}},"10":{"start":{"line":46,"column":6},"end":{"line":46,"column":26}},"11":{"start":{"line":47,"column":6},"end":{"line":52,"column":8}},"12":{"start":{"line":53,"column":6},"end":{"line":53,"column":35}},"13":{"start":{"line":57,"column":23},"end":{"line":57,"column":34}},"14":{"start":{"line":58,"column":35},"end":{"line":58,"column":91}},"15":{"start":{"line":58,"column":62},"end":{"line":58,"column":90}},"16":{"start":{"line":59,"column":36},"end":{"line":59,"column":92}},"17":{"start":{"line":59,"column":63},"end":{"line":59,"column":91}},"18":{"start":{"line":60,"column":28},"end":{"line":60,"column":81}},"19":{"start":{"line":60,"column":34},"end":{"line":60,"column":81}},"20":{"start":{"line":60,"column":59},"end":{"line":60,"column":74}}},"fnMap":{"0":{"name":"(anonymous_0)","decl":{"start":{"line":8,"column":13},"end":{"line":8,"column":14}},"loc":{"start":{"line":8,"column":33},"end":{"line":10,"column":5}},"line":8},"1":{"name":"(anonymous_1)","decl":{"start":{"line":11,"column":14},"end":{"line":11,"column":15}},"loc":{"start":{"line":11,"column":34},"end":{"line":13,"column":5}},"line":11},"2":{"name":"(anonymous_2)","decl":{"start":{"line":14,"column":16},"end":{"line":14,"column":17}},"loc":{"start":{"line":14,"column":36},"end":{"line":16,"column":5}},"line":14},"3":{"name":"(anonymous_3)","decl":{"start":{"line":15,"column":39},"end":{"line":15,"column":40}},"loc":{"start":{"line":15,"column":47},"end":{"line":15,"column":63}},"line":15},"4":{"name":"(anonymous_4)","decl":{"start":{"line":19,"column":16},"end":{"line":19,"column":17}},"loc":{"start":{"line":19,"column":38},"end":{"line":31,"column":5}},"line":19},"5":{"name":"(anonymous_5)","decl":{"start":{"line":32,"column":14},"end":{"line":32,"column":15}},"loc":{"start":{"line":32,"column":54},"end":{"line":44,"column":5}},"line":32},"6":{"name":"(anonymous_6)","decl":{"start":{"line":45,"column":16},"end":{"line":45,"column":17}},"loc":{"start":{"line":45,"column":56},"end":{"line":54,"column":5}},"line":45},"7":{"name":"(anonymous_7)","decl":{"start":{"line":57,"column":14},"end":{"line":57,"column":15}},"loc":{"start":{"line":57,"column":23},"end":{"line":57,"column":34}},"line":57},"8":{"name":"(anonymous_8)","decl":{"start":{"line":58,"column":15},"end":{"line":58,"column":16}},"loc":{"start":{"line":58,"column":35},"end":{"line":58,"column":91}},"line":58},"9":{"name":"(anonymous_9)","decl":{"start":{"line":58,"column":54},"end":{"line":58,"column":55}},"loc":{"start":{"line":58,"column":62},"end":{"line":58,"column":90}},"line":58},"10":{"name":"(anonymous_10)","decl":{"start":{"line":59,"column":16},"end":{"line":59,"column":17}},"loc":{"start":{"line":59,"column":36},"end":{"line":59,"column":92}},"line":59},"11":{"name":"(anonymous_11)","decl":{"start":{"line":59,"column":55},"end":{"line":59,"column":56}},"loc":{"start":{"line":59,"column":63},"end":{"line":59,"column":91}},"line":59},"12":{"name":"(anonymous_12)","decl":{"start":{"line":60,"column":19},"end":{"line":60,"column":20}},"loc":{"start":{"line":60,"column":28},"end":{"line":60,"column":81}},"line":60},"13":{"name":"(anonymous_13)","decl":{"start":{"line":60,"column":28},"end":{"line":60,"column":29}},"loc":{"start":{"line":60,"column":34},"end":{"line":60,"column":81}},"line":60},"14":{"name":"(anonymous_14)","decl":{"start":{"line":60,"column":51},"end":{"line":60,"column":52}},"loc":{"start":{"line":60,"column":59},"end":{"line":60,"column":74}},"line":60}},"branchMap":{"0":{"loc":{"start":{"line":39,"column":18},"end":{"line":39,"column":66}},"type":"cond-expr","locations":[{"start":{"line":39,"column":36},"end":{"line":39,"column":54}},{"start":{"line":39,"column":57},"end":{"line":39,"column":66}}],"line":39}},"s":{"0":0,"1":0,"2":0,"3":0,"4":0,"5":0,"6":0,"7":0,"8":0,"9":0,"10":0,"11":0,"12":0,"13":0,"14":1,"15":0,"16":0,"17":0,"18":0,"19":0,"20":0},"f":{"0":0,"1":0,"2":0,"3":0,"4":0,"5":0,"6":0,"7":0,"8":1,"9":0,"10":0,"11":0,"12":0,"13":0,"14":0},"b":{"0":[0,0]},"_coverageSchema":"332fd63041d2c1bcb487cc26dd0d5f7d97098a6c","hash":"06ff895e2c125ca865af751aafd13ff834b1f376"}
,"/home/knap/Documents/uj/3.1/testowanie/projekt/book-trading--client/src/store/modules/requests.js": {"path":"/home/knap/Documents/uj/3.1/testowanie/projekt/book-trading--client/src/store/modules/requests.js","statementMap":{"0":{"start":{"line":9,"column":6},"end":{"line":9,"column":30}},"1":{"start":{"line":12,"column":6},"end":{"line":12,"column":76}},"2":{"start":{"line":12,"column":56},"end":{"line":12,"column":75}},"3":{"start":{"line":17,"column":6},"end":{"line":32,"column":8}},"4":{"start":{"line":33,"column":6},"end":{"line":36,"column":8}},"5":{"start":{"line":39,"column":33},"end":{"line":43,"column":8}},"6":{"start":{"line":44,"column":6},"end":{"line":44,"column":37}},"7":{"start":{"line":47,"column":29},"end":{"line":52,"column":8}},"8":{"start":{"line":53,"column":6},"end":{"line":53,"column":32}},"9":{"start":{"line":54,"column":6},"end":{"line":54,"column":29}},"10":{"start":{"line":55,"column":6},"end":{"line":55,"column":38}},"11":{"start":{"line":58,"column":6},"end":{"line":63,"column":8}},"12":{"start":{"line":64,"column":6},"end":{"line":64,"column":38}},"13":{"start":{"line":69,"column":6},"end":{"line":69,"column":77}},"14":{"start":{"line":69,"column":46},"end":{"line":69,"column":76}},"15":{"start":{"line":72,"column":6},"end":{"line":72,"column":79}},"16":{"start":{"line":72,"column":46},"end":{"line":72,"column":78}}},"fnMap":{"0":{"name":"(anonymous_0)","decl":{"start":{"line":8,"column":17},"end":{"line":8,"column":18}},"loc":{"start":{"line":8,"column":37},"end":{"line":10,"column":5}},"line":8},"1":{"name":"(anonymous_1)","decl":{"start":{"line":11,"column":19},"end":{"line":11,"column":20}},"loc":{"start":{"line":11,"column":39},"end":{"line":13,"column":5}},"line":11},"2":{"name":"(anonymous_2)","decl":{"start":{"line":12,"column":45},"end":{"line":12,"column":46}},"loc":{"start":{"line":12,"column":56},"end":{"line":12,"column":75}},"line":12},"3":{"name":"(anonymous_3)","decl":{"start":{"line":16,"column":17},"end":{"line":16,"column":18}},"loc":{"start":{"line":16,"column":57},"end":{"line":37,"column":5}},"line":16},"4":{"name":"(anonymous_4)","decl":{"start":{"line":38,"column":19},"end":{"line":38,"column":20}},"loc":{"start":{"line":38,"column":50},"end":{"line":45,"column":5}},"line":38},"5":{"name":"(anonymous_5)","decl":{"start":{"line":46,"column":19},"end":{"line":46,"column":20}},"loc":{"start":{"line":46,"column":59},"end":{"line":56,"column":5}},"line":46},"6":{"name":"(anonymous_6)","decl":{"start":{"line":57,"column":20},"end":{"line":57,"column":21}},"loc":{"start":{"line":57,"column":60},"end":{"line":65,"column":5}},"line":57},"7":{"name":"(anonymous_7)","decl":{"start":{"line":68,"column":22},"end":{"line":68,"column":23}},"loc":{"start":{"line":68,"column":42},"end":{"line":70,"column":5}},"line":68},"8":{"name":"(anonymous_8)","decl":{"start":{"line":69,"column":35},"end":{"line":69,"column":36}},"loc":{"start":{"line":69,"column":46},"end":{"line":69,"column":76}},"line":69},"9":{"name":"(anonymous_9)","decl":{"start":{"line":71,"column":22},"end":{"line":71,"column":23}},"loc":{"start":{"line":71,"column":42},"end":{"line":73,"column":5}},"line":71},"10":{"name":"(anonymous_10)","decl":{"start":{"line":72,"column":35},"end":{"line":72,"column":36}},"loc":{"start":{"line":72,"column":46},"end":{"line":72,"column":78}},"line":72}},"branchMap":{},"s":{"0":0,"1":0,"2":0,"3":0,"4":0,"5":0,"6":0,"7":0,"8":0,"9":0,"10":0,"11":0,"12":0,"13":0,"14":0,"15":0,"16":0},"f":{"0":0,"1":0,"2":0,"3":0,"4":0,"5":0,"6":0,"7":0,"8":0,"9":0,"10":0},"b":{},"_coverageSchema":"332fd63041d2c1bcb487cc26dd0d5f7d97098a6c","hash":"442ee5885a3bdb43985b57c35b020fcbf2cd9668"}
,"/home/knap/Documents/uj/3.1/testowanie/projekt/book-trading--client/src/store/modules/user.js": {"path":"/home/knap/Documents/uj/3.1/testowanie/projekt/book-trading--client/src/store/modules/user.js","statementMap":{"0":{"start":{"line":11,"column":6},"end":{"line":11,"column":39}},"1":{"start":{"line":12,"column":6},"end":{"line":12,"column":29}},"2":{"start":{"line":15,"column":6},"end":{"line":15,"column":31}},"3":{"start":{"line":20,"column":38},"end":{"line":20,"column":80}},"4":{"start":{"line":22,"column":6},"end":{"line":22,"column":29}},"5":{"start":{"line":23,"column":6},"end":{"line":23,"column":51}},"6":{"start":{"line":26,"column":38},"end":{"line":26,"column":81}},"7":{"start":{"line":27,"column":6},"end":{"line":27,"column":29}},"8":{"start":{"line":28,"column":6},"end":{"line":28,"column":51}},"9":{"start":{"line":32,"column":23},"end":{"line":32,"column":37}},"10":{"start":{"line":33,"column":18},"end":{"line":33,"column":27}},"11":{"start":{"line":34,"column":28},"end":{"line":34,"column":45}},"12":{"start":{"line":35,"column":24},"end":{"line":35,"column":39}}},"fnMap":{"0":{"name":"(anonymous_0)","decl":{"start":{"line":10,"column":13},"end":{"line":10,"column":14}},"loc":{"start":{"line":10,"column":33},"end":{"line":13,"column":5}},"line":10},"1":{"name":"(anonymous_1)","decl":{"start":{"line":14,"column":18},"end":{"line":14,"column":19}},"loc":{"start":{"line":14,"column":38},"end":{"line":16,"column":5}},"line":14},"2":{"name":"(anonymous_2)","decl":{"start":{"line":19,"column":11},"end":{"line":19,"column":12}},"loc":{"start":{"line":19,"column":42},"end":{"line":24,"column":5}},"line":19},"3":{"name":"(anonymous_3)","decl":{"start":{"line":25,"column":12},"end":{"line":25,"column":13}},"loc":{"start":{"line":25,"column":43},"end":{"line":29,"column":5}},"line":25},"4":{"name":"(anonymous_4)","decl":{"start":{"line":32,"column":14},"end":{"line":32,"column":15}},"loc":{"start":{"line":32,"column":23},"end":{"line":32,"column":37}},"line":32},"5":{"name":"(anonymous_5)","decl":{"start":{"line":33,"column":9},"end":{"line":33,"column":10}},"loc":{"start":{"line":33,"column":18},"end":{"line":33,"column":27}},"line":33},"6":{"name":"(anonymous_6)","decl":{"start":{"line":34,"column":19},"end":{"line":34,"column":20}},"loc":{"start":{"line":34,"column":28},"end":{"line":34,"column":45}},"line":34},"7":{"name":"(anonymous_7)","decl":{"start":{"line":35,"column":15},"end":{"line":35,"column":16}},"loc":{"start":{"line":35,"column":24},"end":{"line":35,"column":39}},"line":35}},"branchMap":{},"s":{"0":0,"1":0,"2":0,"3":0,"4":0,"5":0,"6":0,"7":0,"8":0,"9":0,"10":0,"11":1,"12":0},"f":{"0":0,"1":0,"2":0,"3":0,"4":0,"5":0,"6":1,"7":0},"b":{},"_coverageSchema":"332fd63041d2c1bcb487cc26dd0d5f7d97098a6c","hash":"56da3da5ed24b98514152af1f4445b4a451dad96"}
}
