{"/home/knap/Documents/uj/3.1/testowanie/projekt/book-trading--client/src/components/AddBook.vue": {"path":"/home/knap/Documents/uj/3.1/testowanie/projekt/book-trading--client/src/components/AddBook.vue","statementMap":{"0":{"start":{"line":54,"column":0},"end":{"line":null,"column":-1}},"1":{"start":{"line":56,"column":0},"end":{"line":null,"column":-1}},"2":{"start":{"line":57,"column":0},"end":{"line":null,"column":-1}},"3":{"start":{"line":61,"column":0},"end":{"line":null,"column":-1}},"4":{"start":{"line":74,"column":0},"end":{"line":null,"column":-1}},"5":{"start":{"line":77,"column":0},"end":{"line":null,"column":-1}},"6":{"start":{"line":78,"column":0},"end":{"line":null,"column":-1}},"7":{"start":{"line":79,"column":0},"end":{"line":null,"column":-1}},"8":{"start":{"line":82,"column":0},"end":{"line":null,"column":-1}},"9":{"start":{"line":89,"column":0},"end":{"line":null,"column":-1}},"10":{"start":{"line":90,"column":0},"end":{"line":null,"column":-1}},"11":{"start":{"line":92,"column":0},"end":{"line":null,"column":-1}},"12":{"start":{"line":94,"column":0},"end":{"line":null,"column":-1}},"13":{"start":{"line":95,"column":0},"end":{"line":null,"column":-1}},"14":{"start":{"line":98,"column":0},"end":{"line":null,"column":-1}},"15":{"start":{"line":100,"column":0},"end":{"line":null,"column":-1}},"16":{"start":{"line":101,"column":0},"end":{"line":null,"column":-1}},"17":{"start":{"line":103,"column":0},"end":{"line":null,"column":-1}},"18":{"start":{"line":108,"column":0},"end":{"line":null,"column":-1}},"19":{"start":{"line":109,"column":0},"end":{"line":null,"column":-1}},"20":{"start":{"line":110,"column":0},"end":{"line":null,"column":-1}}},"fnMap":{"0":{"name":"data","decl":{"start":{"line":60,"column":0},"end":{"line":null,"column":-1}},"loc":{"start":{"line":60,"column":0},"end":{"line":72,"column":0}}},"1":{"name":"_callee","decl":{"start":{"line":74,"column":0},"end":{"line":null,"column":-1}},"loc":{"start":{"line":74,"column":0},"end":{"line":null,"column":-1}}},"2":{"name":"pickBook","decl":{"start":{"line":88,"column":0},"end":{"line":null,"column":-1}},"loc":{"start":{"line":88,"column":0},"end":{"line":91,"column":0}}},"3":{"name":"saveBook","decl":{"start":{"line":92,"column":0},"end":{"line":null,"column":-1}},"loc":{"start":{"line":92,"column":0},"end":{"line":115,"column":0}}}},"branchMap":{"0":{"loc":{"start":{"line":74,"column":0},"end":{"line":null,"column":-1}},"type":"switch","locations":[{"start":{"line":74,"column":0},"end":{"line":null,"column":-1}},{"start":{"line":74,"column":0},"end":{"line":79,"column":0}},{"start":{"line":74,"column":0},"end":{"line":null,"column":-1}},{"start":{"line":74,"column":0},"end":{"line":82,"column":0}},{"start":{"line":74,"column":0},"end":{"line":null,"column":-1}},{"start":{"line":74,"column":0},"end":{"line":null,"column":-1}}]},"1":{"loc":{"start":{"line":74,"column":0},"end":{"line":null,"column":-1}},"type":"if","locations":[{"start":{"line":74,"column":0},"end":{"line":null,"column":-1}},{"start":{"line":74,"column":0},"end":{"line":null,"column":-1}}]},"2":{"loc":{"start":{"line":92,"column":0},"end":{"line":null,"column":-1}},"type":"switch","locations":[{"start":{"line":92,"column":0},"end":{"line":null,"column":-1}},{"start":{"line":92,"column":0},"end":{"line":null,"column":-1}},{"start":{"line":92,"column":0},"end":{"line":110,"column":0}},{"start":{"line":92,"column":0},"end":{"line":null,"column":-1}},{"start":{"line":92,"column":0},"end":{"line":null,"column":-1}}]}},"s":{"0":1,"1":1,"2":1,"3":2,"4":0,"5":0,"6":0,"7":0,"8":0,"9":0,"10":0,"11":27,"12":2,"13":2,"14":1,"15":1,"16":1,"17":1,"18":1,"19":1,"20":1},"f":{"0":2,"1":0,"2":0,"3":8},"b":{"0":[0,0,0,0,0,0],"1":[0,0],"2":[2,1,1,2,2]}}
,"/home/knap/Documents/uj/3.1/testowanie/projekt/book-trading--client/src/components/Home.vue": {"path":"/home/knap/Documents/uj/3.1/testowanie/projekt/book-trading--client/src/components/Home.vue","statementMap":{"0":{"start":{"line":43,"column":0},"end":{"line":null,"column":-1}},"1":{"start":{"line":52,"column":0},"end":{"line":null,"column":-1}},"2":{"start":{"line":54,"column":0},"end":{"line":null,"column":-1}},"3":{"start":{"line":55,"column":0},"end":{"line":null,"column":-1}},"4":{"start":{"line":57,"column":0},"end":{"line":61,"column":0}},"5":{"start":{"line":58,"column":0},"end":{"line":null,"column":-1}},"6":{"start":{"line":64,"column":0},"end":{"line":null,"column":-1}},"7":{"start":{"line":69,"column":0},"end":{"line":74,"column":0}},"8":{"start":{"line":70,"column":0},"end":{"line":null,"column":-1}},"9":{"start":{"line":75,"column":0},"end":{"line":null,"column":-1}},"10":{"start":{"line":76,"column":0},"end":{"line":null,"column":-1}},"11":{"start":{"line":78,"column":0},"end":{"line":null,"column":-1}},"12":{"start":{"line":80,"column":0},"end":{"line":null,"column":-1}},"13":{"start":{"line":82,"column":0},"end":{"line":null,"column":-1}},"14":{"start":{"line":83,"column":0},"end":{"line":null,"column":-1}},"15":{"start":{"line":85,"column":0},"end":{"line":null,"column":-1}},"16":{"start":{"line":89,"column":0},"end":{"line":null,"column":-1}},"17":{"start":{"line":90,"column":0},"end":{"line":null,"column":-1}}},"fnMap":{"0":{"name":"data","decl":{"start":{"line":42,"column":0},"end":{"line":null,"column":-1}},"loc":{"start":{"line":42,"column":0},"end":{"line":49,"column":0}}},"1":{"name":"books","decl":{"start":{"line":51,"column":0},"end":{"line":null,"column":-1}},"loc":{"start":{"line":51,"column":0},"end":{"line":53,"column":0}}},"2":{"name":"filteredBooks","decl":{"start":{"line":54,"column":0},"end":{"line":null,"column":-1}},"loc":{"start":{"line":54,"column":0},"end":{"line":62,"column":0}}},"3":{"name":"(anonymous_5)","decl":{"start":{"line":57,"column":0},"end":{"line":null,"column":-1}},"loc":{"start":{"line":57,"column":0},"end":{"line":61,"column":0}}},"4":{"name":"authenticated","decl":{"start":{"line":63,"column":0},"end":{"line":null,"column":-1}},"loc":{"start":{"line":63,"column":0},"end":{"line":65,"column":0}}},"5":{"name":"openBorrowDialog","decl":{"start":{"line":68,"column":0},"end":{"line":null,"column":-1}},"loc":{"start":{"line":68,"column":0},"end":{"line":77,"column":0}}},"6":{"name":"sendRequest","decl":{"start":{"line":78,"column":0},"end":{"line":null,"column":-1}},"loc":{"start":{"line":78,"column":0},"end":{"line":92,"column":0}}}},"branchMap":{"0":{"loc":{"start":{"line":55,"column":0},"end":{"line":null,"column":-1}},"type":"if","locations":[{"start":{"line":55,"column":0},"end":{"line":null,"column":-1}},{"start":{"line":55,"column":0},"end":{"line":null,"column":-1}}]},"1":{"loc":{"start":{"line":69,"column":0},"end":{"line":74,"column":0}},"type":"if","locations":[{"start":{"line":69,"column":0},"end":{"line":74,"column":0}},{"start":{"line":69,"column":0},"end":{"line":74,"column":0}}]},"2":{"loc":{"start":{"line":78,"column":0},"end":{"line":null,"column":-1}},"type":"switch","locations":[{"start":{"line":78,"column":0},"end":{"line":null,"column":-1}},{"start":{"line":78,"column":0},"end":{"line":null,"column":-1}},{"start":{"line":78,"column":0},"end":{"line":90,"column":0}},{"start":{"line":78,"column":0},"end":{"line":null,"column":-1}},{"start":{"line":78,"column":0},"end":{"line":null,"column":-1}}]}},"s":{"0":4,"1":2,"2":4,"3":7,"4":1,"5":2,"6":0,"7":1,"8":1,"9":0,"10":0,"11":27,"12":2,"13":1,"14":1,"15":1,"16":1,"17":1},"f":{"0":4,"1":2,"2":4,"3":2,"4":0,"5":1,"6":8},"b":{"0":[3,1],"1":[1,0],"2":[2,1,1,2,2]}}
,"/home/knap/Documents/uj/3.1/testowanie/projekt/book-trading--client/src/components/Login.vue": {"path":"/home/knap/Documents/uj/3.1/testowanie/projekt/book-trading--client/src/components/Login.vue","statementMap":{"0":{"start":{"line":66,"column":0},"end":{"line":null,"column":-1}},"1":{"start":{"line":70,"column":0},"end":{"line":null,"column":-1}},"2":{"start":{"line":71,"column":0},"end":{"line":null,"column":-1}},"3":{"start":{"line":75,"column":0},"end":{"line":null,"column":-1}},"4":{"start":{"line":76,"column":0},"end":{"line":null,"column":-1}},"5":{"start":{"line":82,"column":0},"end":{"line":null,"column":-1}},"6":{"start":{"line":84,"column":0},"end":{"line":null,"column":-1}},"7":{"start":{"line":82,"column":0},"end":{"line":86,"column":0}},"8":{"start":{"line":91,"column":0},"end":{"line":null,"column":-1}},"9":{"start":{"line":92,"column":0},"end":{"line":null,"column":-1}},"10":{"start":{"line":94,"column":0},"end":{"line":null,"column":-1}},"11":{"start":{"line":95,"column":0},"end":{"line":null,"column":-1}}},"fnMap":{"0":{"name":"data","decl":{"start":{"line":65,"column":0},"end":{"line":null,"column":-1}},"loc":{"start":{"line":65,"column":0},"end":{"line":80,"column":0}}},"1":{"name":"(anonymous_3)","decl":{"start":{"line":69,"column":0},"end":{"line":null,"column":-1}},"loc":{"start":{"line":69,"column":0},"end":{"line":70,"column":0}}},"2":{"name":"(anonymous_4)","decl":{"start":{"line":70,"column":0},"end":{"line":null,"column":-1}},"loc":{"start":{"line":70,"column":0},"end":{"line":71,"column":0}}},"3":{"name":"(anonymous_5)","decl":{"start":{"line":74,"column":0},"end":{"line":null,"column":-1}},"loc":{"start":{"line":74,"column":0},"end":{"line":75,"column":0}}},"4":{"name":"(anonymous_6)","decl":{"start":{"line":75,"column":0},"end":{"line":null,"column":-1}},"loc":{"start":{"line":75,"column":0},"end":{"line":76,"column":0}}},"5":{"name":"logIn","decl":{"start":{"line":82,"column":0},"end":{"line":null,"column":-1}},"loc":{"start":{"line":82,"column":0},"end":{"line":100,"column":0}}}},"branchMap":{"0":{"loc":{"start":{"line":70,"column":0},"end":{"line":null,"column":-1}},"type":"binary-expr","locations":[{"start":{"line":70,"column":0},"end":{"line":null,"column":-1}},{"start":{"line":70,"column":0},"end":{"line":null,"column":-1}}]},"1":{"loc":{"start":{"line":71,"column":0},"end":{"line":null,"column":-1}},"type":"binary-expr","locations":[{"start":{"line":71,"column":0},"end":{"line":null,"column":-1}},{"start":{"line":71,"column":0},"end":{"line":null,"column":-1}}]},"2":{"loc":{"start":{"line":75,"column":0},"end":{"line":null,"column":-1}},"type":"binary-expr","locations":[{"start":{"line":75,"column":0},"end":{"line":null,"column":-1}},{"start":{"line":75,"column":0},"end":{"line":null,"column":-1}}]},"3":{"loc":{"start":{"line":76,"column":0},"end":{"line":null,"column":-1}},"type":"binary-expr","locations":[{"start":{"line":76,"column":0},"end":{"line":null,"column":-1}},{"start":{"line":76,"column":0},"end":{"line":null,"column":-1}}]},"4":{"loc":{"start":{"line":82,"column":0},"end":{"line":86,"column":0}},"type":"switch","locations":[{"start":{"line":82,"column":0},"end":{"line":86,"column":0}},{"start":{"line":82,"column":0},"end":{"line":null,"column":-1}},{"start":{"line":82,"column":0},"end":{"line":95,"column":0}},{"start":{"line":82,"column":0},"end":{"line":null,"column":-1}},{"start":{"line":82,"column":0},"end":{"line":null,"column":-1}}]}},"s":{"0":2,"1":5,"2":5,"3":5,"4":5,"5":25,"6":2,"7":2,"8":1,"9":1,"10":1,"11":1},"f":{"0":2,"1":5,"2":5,"3":5,"4":5,"5":8},"b":{"0":[5,4],"1":[5,4],"2":[5,4],"3":[5,4],"4":[2,1,1,2,2]}}
,"/home/knap/Documents/uj/3.1/testowanie/projekt/book-trading--client/src/components/MyBooks.vue": {"path":"/home/knap/Documents/uj/3.1/testowanie/projekt/book-trading--client/src/components/MyBooks.vue","statementMap":{"0":{"start":{"line":37,"column":0},"end":{"line":null,"column":-1}},"1":{"start":{"line":41,"column":0},"end":{"line":null,"column":-1}},"2":{"start":{"line":52,"column":0},"end":{"line":null,"column":-1}},"3":{"start":{"line":55,"column":0},"end":{"line":null,"column":-1}},"4":{"start":{"line":60,"column":0},"end":{"line":null,"column":-1}},"5":{"start":{"line":61,"column":0},"end":{"line":null,"column":-1}},"6":{"start":{"line":62,"column":0},"end":{"line":null,"column":-1}},"7":{"start":{"line":64,"column":0},"end":{"line":null,"column":-1}},"8":{"start":{"line":70,"column":0},"end":{"line":null,"column":-1}},"9":{"start":{"line":72,"column":0},"end":{"line":null,"column":-1}}},"fnMap":{"0":{"name":"data","decl":{"start":{"line":40,"column":0},"end":{"line":null,"column":-1}},"loc":{"start":{"line":40,"column":0},"end":{"line":49,"column":0}}},"1":{"name":"books","decl":{"start":{"line":51,"column":0},"end":{"line":null,"column":-1}},"loc":{"start":{"line":51,"column":0},"end":{"line":53,"column":0}}},"2":{"name":"removeEnabled","decl":{"start":{"line":54,"column":0},"end":{"line":null,"column":-1}},"loc":{"start":{"line":54,"column":0},"end":{"line":56,"column":0}}},"3":{"name":"enableRemove","decl":{"start":{"line":59,"column":0},"end":{"line":null,"column":-1}},"loc":{"start":{"line":59,"column":0},"end":{"line":63,"column":0}}},"4":{"name":"removeBook","decl":{"start":{"line":64,"column":0},"end":{"line":null,"column":-1}},"loc":{"start":{"line":64,"column":0},"end":{"line":77,"column":0}}}},"branchMap":{"0":{"loc":{"start":{"line":64,"column":0},"end":{"line":null,"column":-1}},"type":"switch","locations":[{"start":{"line":64,"column":0},"end":{"line":null,"column":-1}},{"start":{"line":64,"column":0},"end":{"line":null,"column":-1}},{"start":{"line":64,"column":0},"end":{"line":null,"column":-1}},{"start":{"line":64,"column":0},"end":{"line":72,"column":0}},{"start":{"line":64,"column":0},"end":{"line":null,"column":-1}},{"start":{"line":64,"column":0},"end":{"line":null,"column":-1}}]},"1":{"loc":{"start":{"line":64,"column":0},"end":{"line":null,"column":-1}},"type":"if","locations":[{"start":{"line":64,"column":0},"end":{"line":null,"column":-1}},{"start":{"line":64,"column":0},"end":{"line":null,"column":-1}}]}},"s":{"0":1,"1":3,"2":0,"3":0,"4":0,"5":0,"6":0,"7":46,"8":1,"9":1},"f":{"0":3,"1":0,"2":0,"3":0,"4":12},"b":{"0":[3,2,1,1,2,3],"1":[2,1]}}
,"/home/knap/Documents/uj/3.1/testowanie/projekt/book-trading--client/src/components/Navigation.vue": {"path":"/home/knap/Documents/uj/3.1/testowanie/projekt/book-trading--client/src/components/Navigation.vue","statementMap":{"0":{"start":{"line":46,"column":0},"end":{"line":null,"column":-1}},"1":{"start":{"line":49,"column":0},"end":{"line":null,"column":-1}},"2":{"start":{"line":50,"column":0},"end":{"line":56,"column":0}},"3":{"start":{"line":51,"column":0},"end":{"line":null,"column":-1}},"4":{"start":{"line":57,"column":0},"end":{"line":null,"column":-1}},"5":{"start":{"line":60,"column":0},"end":{"line":65,"column":0}},"6":{"start":{"line":61,"column":0},"end":{"line":null,"column":-1}},"7":{"start":{"line":70,"column":0},"end":{"line":null,"column":-1}},"8":{"start":{"line":71,"column":0},"end":{"line":null,"column":-1}}},"fnMap":{"0":{"name":"authenticated","decl":{"start":{"line":45,"column":0},"end":{"line":null,"column":-1}},"loc":{"start":{"line":45,"column":0},"end":{"line":47,"column":0}}},"1":{"name":"bookItems","decl":{"start":{"line":48,"column":0},"end":{"line":null,"column":-1}},"loc":{"start":{"line":48,"column":0},"end":{"line":58,"column":0}}},"2":{"name":"userItems","decl":{"start":{"line":59,"column":0},"end":{"line":null,"column":-1}},"loc":{"start":{"line":59,"column":0},"end":{"line":66,"column":0}}},"3":{"name":"logOut","decl":{"start":{"line":69,"column":0},"end":{"line":null,"column":-1}},"loc":{"start":{"line":69,"column":0},"end":{"line":72,"column":0}}}},"branchMap":{"0":{"loc":{"start":{"line":50,"column":0},"end":{"line":56,"column":0}},"type":"if","locations":[{"start":{"line":50,"column":0},"end":{"line":56,"column":0}},{"start":{"line":50,"column":0},"end":{"line":56,"column":0}}]},"1":{"loc":{"start":{"line":60,"column":0},"end":{"line":65,"column":0}},"type":"if","locations":[{"start":{"line":60,"column":0},"end":{"line":65,"column":0}},{"start":{"line":60,"column":0},"end":{"line":65,"column":0}}]}},"s":{"0":0,"1":6,"2":6,"3":4,"4":6,"5":6,"6":2,"7":2,"8":2},"f":{"0":0,"1":6,"2":6,"3":2},"b":{"0":[4,2],"1":[2,4]}}
,"/home/knap/Documents/uj/3.1/testowanie/projekt/book-trading--client/src/components/Signup.vue": {"path":"/home/knap/Documents/uj/3.1/testowanie/projekt/book-trading--client/src/components/Signup.vue","statementMap":{"0":{"start":{"line":64,"column":0},"end":{"line":null,"column":-1}},"1":{"start":{"line":68,"column":0},"end":{"line":null,"column":-1}},"2":{"start":{"line":69,"column":0},"end":{"line":null,"column":-1}},"3":{"start":{"line":73,"column":0},"end":{"line":null,"column":-1}},"4":{"start":{"line":74,"column":0},"end":{"line":null,"column":-1}},"5":{"start":{"line":80,"column":0},"end":{"line":null,"column":-1}},"6":{"start":{"line":82,"column":0},"end":{"line":null,"column":-1}},"7":{"start":{"line":80,"column":0},"end":{"line":84,"column":0}},"8":{"start":{"line":89,"column":0},"end":{"line":null,"column":-1}},"9":{"start":{"line":90,"column":0},"end":{"line":null,"column":-1}},"10":{"start":{"line":92,"column":0},"end":{"line":null,"column":-1}},"11":{"start":{"line":94,"column":0},"end":{"line":null,"column":-1}},"12":{"start":{"line":96,"column":0},"end":{"line":null,"column":-1}},"13":{"start":{"line":102,"column":0},"end":{"line":null,"column":-1}}},"fnMap":{"0":{"name":"data","decl":{"start":{"line":63,"column":0},"end":{"line":null,"column":-1}},"loc":{"start":{"line":63,"column":0},"end":{"line":78,"column":0}}},"1":{"name":"(anonymous_3)","decl":{"start":{"line":67,"column":0},"end":{"line":null,"column":-1}},"loc":{"start":{"line":67,"column":0},"end":{"line":68,"column":0}}},"2":{"name":"(anonymous_4)","decl":{"start":{"line":68,"column":0},"end":{"line":null,"column":-1}},"loc":{"start":{"line":68,"column":0},"end":{"line":69,"column":0}}},"3":{"name":"(anonymous_5)","decl":{"start":{"line":72,"column":0},"end":{"line":null,"column":-1}},"loc":{"start":{"line":72,"column":0},"end":{"line":73,"column":0}}},"4":{"name":"(anonymous_6)","decl":{"start":{"line":73,"column":0},"end":{"line":null,"column":-1}},"loc":{"start":{"line":73,"column":0},"end":{"line":74,"column":0}}},"5":{"name":"signUp","decl":{"start":{"line":80,"column":0},"end":{"line":null,"column":-1}},"loc":{"start":{"line":80,"column":0},"end":{"line":101,"column":0}}},"6":{"name":"pickErrorMessage","decl":{"start":{"line":102,"column":0},"end":{"line":null,"column":-1}},"loc":{"start":{"line":102,"column":0},"end":{"line":null,"column":-1}}}},"branchMap":{"0":{"loc":{"start":{"line":68,"column":0},"end":{"line":null,"column":-1}},"type":"binary-expr","locations":[{"start":{"line":68,"column":0},"end":{"line":null,"column":-1}},{"start":{"line":68,"column":0},"end":{"line":null,"column":-1}}]},"1":{"loc":{"start":{"line":69,"column":0},"end":{"line":null,"column":-1}},"type":"binary-expr","locations":[{"start":{"line":69,"column":0},"end":{"line":null,"column":-1}},{"start":{"line":69,"column":0},"end":{"line":null,"column":-1}}]},"2":{"loc":{"start":{"line":73,"column":0},"end":{"line":null,"column":-1}},"type":"binary-expr","locations":[{"start":{"line":73,"column":0},"end":{"line":null,"column":-1}},{"start":{"line":73,"column":0},"end":{"line":null,"column":-1}}]},"3":{"loc":{"start":{"line":74,"column":0},"end":{"line":null,"column":-1}},"type":"binary-expr","locations":[{"start":{"line":74,"column":0},"end":{"line":null,"column":-1}},{"start":{"line":74,"column":0},"end":{"line":null,"column":-1}}]},"4":{"loc":{"start":{"line":80,"column":0},"end":{"line":84,"column":0}},"type":"switch","locations":[{"start":{"line":80,"column":0},"end":{"line":84,"column":0}},{"start":{"line":80,"column":0},"end":{"line":null,"column":-1}},{"start":{"line":80,"column":0},"end":{"line":96,"column":0}},{"start":{"line":80,"column":0},"end":{"line":null,"column":-1}},{"start":{"line":80,"column":0},"end":{"line":null,"column":-1}}]},"5":{"loc":{"start":{"line":102,"column":0},"end":{"line":null,"column":-1}},"type":"cond-expr","locations":[{"start":{"line":102,"column":0},"end":{"line":null,"column":-1}},{"start":{"line":102,"column":0},"end":{"line":null,"column":-1}}]}},"s":{"0":4,"1":9,"2":9,"3":9,"4":9,"5":25,"6":2,"7":2,"8":1,"9":1,"10":1,"11":1,"12":1,"13":3},"f":{"0":4,"1":9,"2":9,"3":9,"4":9,"5":8,"6":3},"b":{"0":[9,8],"1":[9,8],"2":[9,8],"3":[9,8],"4":[2,1,1,2,2],"5":[4,4]}}
,"/home/knap/Documents/uj/3.1/testowanie/projekt/book-trading--client/src/mixins/authStateWatcher.js": {"path":"/home/knap/Documents/uj/3.1/testowanie/projekt/book-trading--client/src/mixins/authStateWatcher.js","statementMap":{"0":{"start":{"line":4,"column":6},"end":{"line":4,"column":46}},"1":{"start":{"line":9,"column":6},"end":{"line":9,"column":38}},"2":{"start":{"line":9,"column":16},"end":{"line":9,"column":38}}},"fnMap":{},"branchMap":{"0":{"loc":{"start":{"line":9,"column":6},"end":{"line":9,"column":38}},"type":"if","locations":[{"start":{"line":9,"column":6},"end":{"line":9,"column":38}},{"start":{"line":9,"column":6},"end":{"line":9,"column":38}}],"line":9}},"s":{"0":5,"1":0,"2":0},"f":{},"b":{"0":[0,0]},"_coverageSchema":"332fd63041d2c1bcb487cc26dd0d5f7d97098a6c","hash":"a8a5a1f811e576f43e2b41687dd180f90f149828"}
,"/home/knap/Documents/uj/3.1/testowanie/projekt/book-trading--client/src/services/bookApi.js": {"path":"/home/knap/Documents/uj/3.1/testowanie/projekt/book-trading--client/src/services/bookApi.js","statementMap":{"0":{"start":{"line":3,"column":15},"end":{"line":3,"column":123}},"1":{"start":{"line":5,"column":27},"end":{"line":8,"column":1}},"2":{"start":{"line":6,"column":37},"end":{"line":6,"column":81}},"3":{"start":{"line":7,"column":2},"end":{"line":7,"column":14}}},"fnMap":{"0":{"name":"(anonymous_0)","decl":{"start":{"line":5,"column":27},"end":{"line":5,"column":28}},"loc":{"start":{"line":5,"column":50},"end":{"line":8,"column":1}},"line":5}},"branchMap":{},"s":{"0":1,"1":1,"2":0,"3":0},"f":{"0":0},"b":{},"_coverageSchema":"332fd63041d2c1bcb487cc26dd0d5f7d97098a6c","hash":"4f04b55a880424febc8d93d2ea8b919601be2301"}
}
