TN:
SF:/home/knap/Documents/uj/3.1/testowanie/projekt/book-trading--client/src/axios/index.js
FNF:0
FNH:0
DA:5,1
LF:1
LH:1
BRF:0
BRH:0
end_of_record
TN:
SF:/home/knap/Documents/uj/3.1/testowanie/projekt/book-trading--client/src/components/MyBooks.vue
FN:40,data
FN:51,books
FN:54,removeEnabled
FN:59,enableRemove
FN:64,removeBook
FNF:5
FNH:2
FNDA:1,data
FNDA:1,books
FNDA:0,removeEnabled
FNDA:0,enableRemove
FNDA:0,removeBook
DA:37,1
DA:41,1
DA:52,1
DA:55,0
DA:60,0
DA:61,0
DA:62,0
DA:64,0
DA:70,0
DA:72,0
LF:10
LH:3
BRDA:64,0,0,0
BRDA:64,0,1,0
BRDA:64,0,2,0
BRDA:64,0,3,0
BRDA:64,0,4,0
BRDA:64,0,5,0
BRDA:64,1,0,0
BRDA:64,1,1,0
BRF:8
BRH:0
end_of_record
TN:
SF:/home/knap/Documents/uj/3.1/testowanie/projekt/book-trading--client/src/components/Navigation.vue
FN:45,authenticated
FN:48,bookItems
FN:59,userItems
FN:69,logOut
FNF:4
FNH:3
FNDA:0,authenticated
FNDA:6,bookItems
FNDA:6,userItems
FNDA:2,logOut
DA:46,0
DA:49,6
DA:50,6
DA:51,4
DA:57,6
DA:60,6
DA:61,2
DA:70,2
DA:71,2
LF:9
LH:8
BRDA:50,0,0,4
BRDA:50,0,1,2
BRDA:60,1,0,2
BRDA:60,1,1,4
BRF:4
BRH:4
end_of_record
TN:
SF:/home/knap/Documents/uj/3.1/testowanie/projekt/book-trading--client/src/components/Signup.vue
FN:63,data
FN:67,(anonymous_3)
FN:68,(anonymous_4)
FN:72,(anonymous_5)
FN:73,(anonymous_6)
FN:80,signUp
FN:102,pickErrorMessage
FNF:7
FNH:7
FNDA:4,data
FNDA:9,(anonymous_3)
FNDA:9,(anonymous_4)
FNDA:9,(anonymous_5)
FNDA:9,(anonymous_6)
FNDA:8,signUp
FNDA:3,pickErrorMessage
DA:64,4
DA:68,9
DA:69,9
DA:73,9
DA:74,9
DA:80,25
DA:82,2
DA:89,1
DA:90,1
DA:92,1
DA:94,1
DA:96,1
DA:102,3
LF:13
LH:13
BRDA:68,0,0,9
BRDA:68,0,1,8
BRDA:69,1,0,9
BRDA:69,1,1,8
BRDA:73,2,0,9
BRDA:73,2,1,8
BRDA:74,3,0,9
BRDA:74,3,1,8
BRDA:80,4,0,2
BRDA:80,4,1,1
BRDA:80,4,2,1
BRDA:80,4,3,2
BRDA:80,4,4,2
BRDA:102,5,0,4
BRDA:102,5,1,4
BRF:15
BRH:15
end_of_record
TN:
SF:/home/knap/Documents/uj/3.1/testowanie/projekt/book-trading--client/src/mixins/authStateWatcher.js
FNF:0
FNH:0
DA:4,1
DA:9,0
LF:2
LH:1
BRDA:9,0,0,0
BRDA:9,0,1,0
BRF:2
BRH:0
end_of_record
TN:
SF:/home/knap/Documents/uj/3.1/testowanie/projekt/book-trading--client/src/store/index.js
FN:20,(anonymous_0)
FN:23,(anonymous_1)
FN:28,(anonymous_2)
FNF:3
FNH:0
FNDA:0,(anonymous_0)
FNDA:0,(anonymous_1)
FNDA:0,(anonymous_2)
DA:8,1
DA:21,0
DA:24,0
DA:28,0
LF:4
LH:1
BRDA:20,0,0,0
BRDA:20,1,0,0
BRDA:20,2,0,0
BRF:3
BRH:0
end_of_record
TN:
SF:/home/knap/Documents/uj/3.1/testowanie/projekt/book-trading--client/src/store/modules/books.js
FN:8,(anonymous_0)
FN:11,(anonymous_1)
FN:14,(anonymous_2)
FN:15,(anonymous_3)
FN:19,(anonymous_4)
FN:32,(anonymous_5)
FN:45,(anonymous_6)
FN:57,(anonymous_7)
FN:58,(anonymous_8)
FN:58,(anonymous_9)
FN:59,(anonymous_10)
FN:59,(anonymous_11)
FN:60,(anonymous_12)
FN:60,(anonymous_13)
FN:60,(anonymous_14)
FNF:15
FNH:1
FNDA:0,(anonymous_0)
FNDA:0,(anonymous_1)
FNDA:0,(anonymous_2)
FNDA:0,(anonymous_3)
FNDA:0,(anonymous_4)
FNDA:0,(anonymous_5)
FNDA:0,(anonymous_6)
FNDA:0,(anonymous_7)
FNDA:1,(anonymous_8)
FNDA:0,(anonymous_9)
FNDA:0,(anonymous_10)
FNDA:0,(anonymous_11)
FNDA:0,(anonymous_12)
FNDA:0,(anonymous_13)
FNDA:0,(anonymous_14)
DA:9,0
DA:12,0
DA:15,0
DA:20,0
DA:21,0
DA:22,0
DA:25,0
DA:33,0
DA:43,0
DA:46,0
DA:47,0
DA:53,0
DA:57,0
DA:58,1
DA:59,0
DA:60,0
LF:16
LH:1
BRDA:39,0,0,0
BRDA:39,0,1,0
BRF:2
BRH:0
end_of_record
TN:
SF:/home/knap/Documents/uj/3.1/testowanie/projekt/book-trading--client/src/store/modules/requests.js
FN:8,(anonymous_0)
FN:11,(anonymous_1)
FN:12,(anonymous_2)
FN:16,(anonymous_3)
FN:38,(anonymous_4)
FN:46,(anonymous_5)
FN:57,(anonymous_6)
FN:68,(anonymous_7)
FN:69,(anonymous_8)
FN:71,(anonymous_9)
FN:72,(anonymous_10)
FNF:11
FNH:0
FNDA:0,(anonymous_0)
FNDA:0,(anonymous_1)
FNDA:0,(anonymous_2)
FNDA:0,(anonymous_3)
FNDA:0,(anonymous_4)
FNDA:0,(anonymous_5)
FNDA:0,(anonymous_6)
FNDA:0,(anonymous_7)
FNDA:0,(anonymous_8)
FNDA:0,(anonymous_9)
FNDA:0,(anonymous_10)
DA:9,0
DA:12,0
DA:17,0
DA:33,0
DA:39,0
DA:44,0
DA:47,0
DA:53,0
DA:54,0
DA:55,0
DA:58,0
DA:64,0
DA:69,0
DA:72,0
LF:14
LH:0
BRF:0
BRH:0
end_of_record
TN:
SF:/home/knap/Documents/uj/3.1/testowanie/projekt/book-trading--client/src/store/modules/user.js
FN:10,(anonymous_0)
FN:14,(anonymous_1)
FN:19,(anonymous_2)
FN:25,(anonymous_3)
FN:32,(anonymous_4)
FN:33,(anonymous_5)
FN:34,(anonymous_6)
FN:35,(anonymous_7)
FNF:8
FNH:1
FNDA:0,(anonymous_0)
FNDA:0,(anonymous_1)
FNDA:0,(anonymous_2)
FNDA:0,(anonymous_3)
FNDA:0,(anonymous_4)
FNDA:0,(anonymous_5)
FNDA:1,(anonymous_6)
FNDA:0,(anonymous_7)
DA:11,0
DA:12,0
DA:15,0
DA:20,0
DA:22,0
DA:23,0
DA:26,0
DA:27,0
DA:28,0
DA:32,0
DA:33,0
DA:34,1
DA:35,0
LF:13
LH:1
BRF:0
BRH:0
end_of_record
