TN:
SF:/home/knap/Documents/uj/3.1/testowanie/projekt/book-trading--client/src/components/AddBook.vue
FN:60,data
FN:74,_callee
FN:88,pickBook
FN:92,saveBook
FNF:4
FNH:2
FNDA:2,data
FNDA:0,_callee
FNDA:0,pickBook
FNDA:8,saveBook
DA:54,1
DA:56,1
DA:57,1
DA:61,2
DA:74,0
DA:77,0
DA:78,0
DA:79,0
DA:82,0
DA:89,0
DA:90,0
DA:92,27
DA:94,2
DA:95,2
DA:98,1
DA:100,1
DA:101,1
DA:103,1
DA:108,1
DA:109,1
DA:110,1
LF:21
LH:14
BRDA:74,0,0,0
BRDA:74,0,1,0
BRDA:74,0,2,0
BRDA:74,0,3,0
BRDA:74,0,4,0
BRDA:74,0,5,0
BRDA:74,1,0,0
BRDA:74,1,1,0
BRDA:92,2,0,2
BRDA:92,2,1,1
BRDA:92,2,2,1
BRDA:92,2,3,2
BRDA:92,2,4,2
BRF:13
BRH:5
end_of_record
TN:
SF:/home/knap/Documents/uj/3.1/testowanie/projekt/book-trading--client/src/components/Home.vue
FN:42,data
FN:51,books
FN:54,filteredBooks
FN:57,(anonymous_5)
FN:63,authenticated
FN:68,openBorrowDialog
FN:78,sendRequest
FNF:7
FNH:6
FNDA:4,data
FNDA:2,books
FNDA:4,filteredBooks
FNDA:2,(anonymous_5)
FNDA:0,authenticated
FNDA:1,openBorrowDialog
FNDA:8,sendRequest
DA:43,4
DA:52,2
DA:54,4
DA:55,7
DA:57,1
DA:58,2
DA:64,0
DA:69,1
DA:70,1
DA:75,0
DA:76,0
DA:78,27
DA:80,2
DA:82,1
DA:83,1
DA:85,1
DA:89,1
DA:90,1
LF:18
LH:15
BRDA:55,0,0,3
BRDA:55,0,1,1
BRDA:69,1,0,1
BRDA:69,1,1,0
BRDA:78,2,0,2
BRDA:78,2,1,1
BRDA:78,2,2,1
BRDA:78,2,3,2
BRDA:78,2,4,2
BRF:9
BRH:8
end_of_record
TN:
SF:/home/knap/Documents/uj/3.1/testowanie/projekt/book-trading--client/src/components/Login.vue
FN:65,data
FN:69,(anonymous_3)
FN:70,(anonymous_4)
FN:74,(anonymous_5)
FN:75,(anonymous_6)
FN:82,logIn
FNF:6
FNH:6
FNDA:2,data
FNDA:5,(anonymous_3)
FNDA:5,(anonymous_4)
FNDA:5,(anonymous_5)
FNDA:5,(anonymous_6)
FNDA:8,logIn
DA:66,2
DA:70,5
DA:71,5
DA:75,5
DA:76,5
DA:82,25
DA:84,2
DA:91,1
DA:92,1
DA:94,1
DA:95,1
LF:11
LH:11
BRDA:70,0,0,5
BRDA:70,0,1,4
BRDA:71,1,0,5
BRDA:71,1,1,4
BRDA:75,2,0,5
BRDA:75,2,1,4
BRDA:76,3,0,5
BRDA:76,3,1,4
BRDA:82,4,0,2
BRDA:82,4,1,1
BRDA:82,4,2,1
BRDA:82,4,3,2
BRDA:82,4,4,2
BRF:13
BRH:13
end_of_record
TN:
SF:/home/knap/Documents/uj/3.1/testowanie/projekt/book-trading--client/src/components/MyBooks.vue
FN:40,data
FN:51,books
FN:54,removeEnabled
FN:59,enableRemove
FN:64,removeBook
FNF:5
FNH:2
FNDA:3,data
FNDA:0,books
FNDA:0,removeEnabled
FNDA:0,enableRemove
FNDA:12,removeBook
DA:37,1
DA:41,3
DA:52,0
DA:55,0
DA:60,0
DA:61,0
DA:62,0
DA:64,46
DA:70,1
DA:72,1
LF:10
LH:5
BRDA:64,0,0,3
BRDA:64,0,1,2
BRDA:64,0,2,1
BRDA:64,0,3,1
BRDA:64,0,4,2
BRDA:64,0,5,3
BRDA:64,1,0,2
BRDA:64,1,1,1
BRF:8
BRH:8
end_of_record
TN:
SF:/home/knap/Documents/uj/3.1/testowanie/projekt/book-trading--client/src/components/Navigation.vue
FN:45,authenticated
FN:48,bookItems
FN:59,userItems
FN:69,logOut
FNF:4
FNH:3
FNDA:0,authenticated
FNDA:6,bookItems
FNDA:6,userItems
FNDA:2,logOut
DA:46,0
DA:49,6
DA:50,6
DA:51,4
DA:57,6
DA:60,6
DA:61,2
DA:70,2
DA:71,2
LF:9
LH:8
BRDA:50,0,0,4
BRDA:50,0,1,2
BRDA:60,1,0,2
BRDA:60,1,1,4
BRF:4
BRH:4
end_of_record
TN:
SF:/home/knap/Documents/uj/3.1/testowanie/projekt/book-trading--client/src/components/Signup.vue
FN:63,data
FN:67,(anonymous_3)
FN:68,(anonymous_4)
FN:72,(anonymous_5)
FN:73,(anonymous_6)
FN:80,signUp
FN:102,pickErrorMessage
FNF:7
FNH:7
FNDA:4,data
FNDA:9,(anonymous_3)
FNDA:9,(anonymous_4)
FNDA:9,(anonymous_5)
FNDA:9,(anonymous_6)
FNDA:8,signUp
FNDA:3,pickErrorMessage
DA:64,4
DA:68,9
DA:69,9
DA:73,9
DA:74,9
DA:80,25
DA:82,2
DA:89,1
DA:90,1
DA:92,1
DA:94,1
DA:96,1
DA:102,3
LF:13
LH:13
BRDA:68,0,0,9
BRDA:68,0,1,8
BRDA:69,1,0,9
BRDA:69,1,1,8
BRDA:73,2,0,9
BRDA:73,2,1,8
BRDA:74,3,0,9
BRDA:74,3,1,8
BRDA:80,4,0,2
BRDA:80,4,1,1
BRDA:80,4,2,1
BRDA:80,4,3,2
BRDA:80,4,4,2
BRDA:102,5,0,4
BRDA:102,5,1,4
BRF:15
BRH:15
end_of_record
TN:
SF:/home/knap/Documents/uj/3.1/testowanie/projekt/book-trading--client/src/mixins/authStateWatcher.js
FNF:0
FNH:0
DA:4,5
DA:9,0
LF:2
LH:1
BRDA:9,0,0,0
BRDA:9,0,1,0
BRF:2
BRH:0
end_of_record
TN:
SF:/home/knap/Documents/uj/3.1/testowanie/projekt/book-trading--client/src/services/bookApi.js
FN:5,(anonymous_0)
FNF:1
FNH:0
FNDA:0,(anonymous_0)
DA:3,1
DA:5,1
DA:6,0
DA:7,0
LF:4
LH:2
BRF:0
BRH:0
end_of_record
